JossStick/proguard-project.txt
-optimizationpasses 5
-dontusemixedcaseclassnames
-dontskipnonpubliclibraryclasses
-dontpreverify
-verbose
-optimizations !code/simplification/arithmetic,!field/*,!class/merging/*

-libraryjars /libs/AdViewSDK_Android.jar 
-libraryjars /libs/Tencent_MobWIN_SDK_2.0.jar
-libraryjars /libs/android-support-v4.jar
-libraryjars /libs/Baidu_MobAds_SDK_Agg_3.2.jar

-ignorewarnings

-keep public class * extends android.app.Activity
-keep public class * extends android.app.Application
-keep public class * extends android.app.Service
-keep public class * extends android.content.BroadcastReceiver
-keep public class * extends android.content.ContentProvider
-keep public class * extends android.app.backup.BackupAgentHelper
-keep public class * extends android.preference.Preference

-keepclasseswithmembernames class * {
    native <methods>;
}

-keepclasseswithmembers class * {
    public <init>(android.content.Context, android.util.AttributeSet);
}

-keepclasseswithmembers class * {
    public <init>(android.content.Context, android.util.AttributeSet, int);
}

-keepclassmembers class * extends android.app.Activity {
   public void *(android.view.View);
}

-keepclassmembers enum * {
    public static **[] values();
    public static ** valueOf(java.lang.String);
}

-keep class * implements android.os.Parcelable {
  public static final android.os.Parcelable$Creator *;
}


-keep class com.kyview.** {*;}  
-keep class com.tencent.exmobwin.**{*;}
-keep class android.support.v4.**{*;}
-keep class com.baidu.mobads.**{*;}
-keep class cn.domob.android.**{*;}