JossStick/proguard/seeds.txt
com.luckywc.jossstick.ActivityAlmanac
com.luckywc.jossstick.ActivityAlmanac: void onClick(android.view.View)
com.luckywc.jossstick.ActivityMain
com.luckywc.jossstick.ActivityMain: ActivityMain()
com.luckywc.jossstick.GetLotActivity
com.luckywc.jossstick.GetLotActivity: GetLotActivity()
com.luckywc.jossstick.JieMengActivity
com.luckywc.jossstick.JieMengActivity: JieMengActivity()
com.luckywc.jossstick.R$anim: int activity_close
com.luckywc.jossstick.R$anim: int activity_open
com.luckywc.jossstick.R$anim: int lot_out
com.luckywc.jossstick.R$array: int lot_names
com.luckywc.jossstick.R$dimen: int activity_horizontal_margin
com.luckywc.jossstick.R$dimen: int activity_vertical_margin
com.luckywc.jossstick.R$drawable: int bei_0
com.luckywc.jossstick.R$drawable: int bei_1
com.luckywc.jossstick.R$drawable: int bei_2
com.luckywc.jossstick.R$drawable: int btn_analysis
com.luckywc.jossstick.R$drawable: int btn_analysis_focused
com.luckywc.jossstick.R$drawable: int btn_analysis_normal
com.luckywc.jossstick.R$drawable: int btn_analysis_pressed
com.luckywc.jossstick.R$drawable: int btn_drawing
com.luckywc.jossstick.R$drawable: int btn_drawing_focused
com.luckywc.jossstick.R$drawable: int btn_drawing_normal
com.luckywc.jossstick.R$drawable: int btn_drawing_pressed
com.luckywc.jossstick.R$drawable: int btn_dropdown_normal
com.luckywc.jossstick.R$drawable: int btn_dropdown_pressed
com.luckywc.jossstick.R$drawable: int btn_start
com.luckywc.jossstick.R$drawable: int btn_start_focused
com.luckywc.jossstick.R$drawable: int btn_start_normal
com.luckywc.jossstick.R$drawable: int btn_start_pressed
com.luckywc.jossstick.R$drawable: int btn_style1
com.luckywc.jossstick.R$drawable: int btn_style1_focused
com.luckywc.jossstick.R$drawable: int btn_style1_normal
com.luckywc.jossstick.R$drawable: int btn_style1_pressed
com.luckywc.jossstick.R$drawable: int btn_style2
com.luckywc.jossstick.R$drawable: int btn_style2_focused
com.luckywc.jossstick.R$drawable: int btn_style2_normal
com.luckywc.jossstick.R$drawable: int btn_style2_pressed
com.luckywc.jossstick.R$drawable: int btn_zhougong
com.luckywc.jossstick.R$drawable: int btn_zhougong_focused
com.luckywc.jossstick.R$id: int AdLinearLayout
com.luckywc.jossstick.R$id: int action_settings
com.luckywc.jossstick.R$id: int autoKeywords
com.luckywc.jossstick.R$id: int btnAnys
com.luckywc.jossstick.R$id: int btnClose
com.luckywc.jossstick.R$id: int btnLanch
com.luckywc.jossstick.R$id: int btnSearch
com.luckywc.jossstick.R$id: int btn_almanac_query
com.luckywc.jossstick.R$id: int btn_compatibility_query
com.luckywc.jossstick.R$id: int btn_lot
com.luckywc.jossstick.R$id: int btn_wedding_query
com.luckywc.jossstick.R$id: int btn_word_analysis
com.luckywc.jossstick.R$id: int btn_zhougong
com.luckywc.jossstick.R$id: int llctrl
com.luckywc.jossstick.R$id: int mian_qiuqian
com.luckywc.jossstick.R$id: int pelt_cup_bt
com.luckywc.jossstick.R$id: int pelt_cup_count
com.luckywc.jossstick.R$id: int pelt_cup_cup
com.luckywc.jossstick.R$id: int pelt_cup_prompt
com.luckywc.jossstick.R$id: int rlmainContainer
com.luckywc.jossstick.R$id: int scrollview
com.luckywc.jossstick.R$id: int show_anim_lot
com.luckywc.jossstick.R$id: int show_lot
com.luckywc.jossstick.R$id: int show_vertical_lot_title
com.luckywc.jossstick.R$id: int show_zhibei
com.luckywc.jossstick.R$id: int svResult
com.luckywc.jossstick.R$id: int tvUpdate
com.luckywc.jossstick.R$id: int tv_cong
com.luckywc.jossstick.R$id: int tv_content
com.luckywc.jossstick.R$id: int tv_date
com.luckywc.jossstick.R$id: int tv_guishi
com.luckywc.jossstick.R$id: int tv_ji
com.luckywc.jossstick.R$id: int tv_jieyue
...
com.kyview.c.c$b
com.kyview.c.c$b: com.kyview.c.c b
com.kyview.c.c$b: c$b(com.kyview.c.c)
com.kyview.c.c$b: void run()
com.kyview.c.d
com.kyview.c.d: java.lang.String O
com.kyview.c.d: java.lang.String P
com.kyview.c.d: java.lang.String Q
com.kyview.c.d: java.lang.String R
com.kyview.c.d: java.lang.String S
com.kyview.c.d: java.lang.String T
com.kyview.c.d: double mDensity
com.kyview.c.d: void <clinit>()
com.kyview.c.d: d()
com.kyview.c.d: void t(java.lang.String)
com.kyview.c.d: long a()
com.kyview.c.d: double a(android.app.Activity)
com.kyview.c.d: int convertToScreenPixels(int,double)
com.kyview.c.d: void a(java.lang.String,java.lang.Throwable)
com.kyview.c.d: void logDebug(java.lang.String)
com.kyview.c.d: void b(java.lang.String,java.lang.Throwable)
com.kyview.c.d: void u(java.lang.String)
com.kyview.c.d: void a(java.lang.String,android.content.Context)
com.kyview.c.d: byte[] a(java.io.InputStream)
com.kyview.c.d: java.io.InputStream a(android.content.Context,java.lang.String)
com.kyview.c.e
com.kyview.c.e: android.content.Context a
com.kyview.c.e: java.lang.String C
com.kyview.c.e: e(android.content.Context,java.lang.String)
com.kyview.c.e: void onClick(android.content.DialogInterface,int)
com.kyview.c.f
com.kyview.c.f: f(android.content.Context,java.lang.String)
com.kyview.c.f: void onCreate(android.database.sqlite.SQLiteDatabase)
com.kyview.c.f: void onUpgrade(android.database.sqlite.SQLiteDatabase,int,int)
com.kyview.c.f: void a(int,java.lang.String,java.lang.String)
com.kyview.c.f: int k()
com.kyview.c.f: void a(int,java.lang.String,java.lang.String,boolean)
com.kyview.c.f: void m(int)
com.kyview.c.f: void a(java.lang.Integer,java.lang.String,java.lang.String)
com.kyview.c.f: java.util.ArrayList a()
com.kyview.c.g
com.kyview.c.g: void a(com.kyview.c.a,int,java.lang.Object)
com.kyview.c.h
com.kyview.c.h: int z
com.kyview.c.h: int[] a
com.kyview.c.h: int A
com.kyview.c.h: int B
com.kyview.c.h: boolean j
com.kyview.c.h: int[] b
com.kyview.c.h: int width
com.kyview.c.h: int height
com.kyview.c.h: int C
com.kyview.c.h: boolean k
com.kyview.c.h: boolean l
com.kyview.c.h: int[] c
com.kyview.c.h: int D
com.kyview.c.h: boolean m
com.kyview.c.h: int E
com.kyview.c.h: long d
com.kyview.c.h: int F
com.kyview.c.h: int[] d
com.kyview.c.h: int[] e
com.kyview.c.h: int G
com.kyview.c.h: int H
com.kyview.c.h: int I
com.kyview.c.h: byte[] a
com.kyview.c.h: int J
com.kyview.c.h: int K
com.kyview.c.h: int L
com.kyview.c.h: void <clinit>()
com.kyview.c.h: h(byte[])
com.kyview.c.h: boolean c()
com.kyview.c.h: void f()
com.kyview.c.h: android.graphics.Bitmap a()
com.kyview.c.h: void clear()
com.kyview.c.h: boolean a(int,boolean)
com.kyview.c.h: int l()
com.kyview.c.h: boolean a(int)
com.kyview.c.h: boolean a(int,int)
com.kyview.c.i
com.kyview.c.i: java.util.Vector a
com.kyview.c.i: int index
com.kyview.c.i: i()
com.kyview.c.i: int size()
com.kyview.c.i: android.graphics.Bitmap b()
com.kyview.c.i: void f()
com.kyview.c.i: com.kyview.c.i a(byte[],int,int)
com.kyview.c.j
com.kyview.c.j: java.lang.String[] b
com.kyview.c.j: void <clinit>()
com.kyview.c.j: java.lang.String a(byte[])
com.kyview.c.j: java.lang.String c(java.lang.String)
com.kyview.c.k
com.kyview.c.k: float a
com.kyview.c.k: float b
com.kyview.c.k: float c
com.kyview.c.k: float d
com.kyview.c.k: float e
com.kyview.c.k: boolean n
com.kyview.c.k: android.graphics.Camera a
com.kyview.c.k: k(float,float,float,float,float,boolean)
com.kyview.c.k: void initialize(int,int,int,int)
com.kyview.c.k: void applyTransformation(float,android.view.animation.Transformation)
com.kyview.c.k$a
com.kyview.c.k$a: int M
com.kyview.c.k$a: android.graphics.Bitmap bitmap
com.kyview.c.k$a: android.view.ViewGroup b
com.kyview.c.k$a: k$a(int,android.view.ViewGroup,android.graphics.Bitmap)
com.kyview.c.k$a: void onAnimationStart(android.view.animation.Animation)
com.kyview.c.k$a: void onAnimationEnd(android.view.animation.Animation)
com.kyview.c.k$a: void onAnimationRepeat(android.view.animation.Animation)