JossStick/proguard/mapping.txt
com.luckywc.jossstick.ActivityAlmanac -> com.luckywc.jossstick.ActivityAlmanac:
    android.widget.TextView mCongText -> a
    android.widget.TextView mDateText -> b
    android.widget.TextView mJiText -> c
    android.widget.TextView mJsyqText -> d
    android.widget.TextView mLunarText -> e
    android.widget.TextView mPzbjText -> f
    android.widget.TextView mSuiciText -> g
    android.widget.TextView mTszfText -> h
    android.widget.TextView mWuhangText -> i
    android.widget.TextView mXsyjText -> j
    android.widget.TextView mYiText -> k
    void onPostCreate(android.os.Bundle) -> onPostCreate
    void onCreate(android.os.Bundle) -> onCreate
    void initViews() -> a
    void onClick(android.view.View) -> onClick
com.luckywc.jossstick.ActivityAlmanac$1 -> com.luckywc.jossstick.a:
    com.luckywc.jossstick.ActivityAlmanac this$0 -> a
    void onClickAd() -> onClickAd
    void onDisplayAd() -> onDisplayAd
com.luckywc.jossstick.ActivityMain -> com.luckywc.jossstick.ActivityMain:
    android.widget.PopupWindow ppw -> a
    void onCreate(android.os.Bundle) -> onCreate
    void ShowAbout() -> a
    void access$0(com.luckywc.jossstick.ActivityMain) -> a
com.luckywc.jossstick.ActivityMain$1 -> com.luckywc.jossstick.b:
    com.luckywc.jossstick.ActivityMain this$0 -> a
    void onClick(android.view.View) -> onClick
com.luckywc.jossstick.ActivityMain$2 -> com.luckywc.jossstick.c:
    com.luckywc.jossstick.ActivityMain this$0 -> a
    void onClick(android.view.View) -> onClick
com.luckywc.jossstick.ActivityMain$3 -> com.luckywc.jossstick.d:
    com.luckywc.jossstick.ActivityMain this$0 -> a
    void onClick(android.view.View) -> onClick
com.luckywc.jossstick.ActivityMain$4 -> com.luckywc.jossstick.e:
    com.luckywc.jossstick.ActivityMain this$0 -> a
    void onClick(android.view.View) -> onClick
com.luckywc.jossstick.ActivityMain$5 -> com.luckywc.jossstick.f:
    com.luckywc.jossstick.ActivityMain this$0 -> a
    void onClickAd() -> onClickAd
    void onDisplayAd() -> onDisplayAd
com.luckywc.jossstick.ActivityMain$6 -> com.luckywc.jossstick.g:
    com.luckywc.jossstick.ActivityMain this$0 -> a
    void onClick(android.view.View) -> onClick
com.luckywc.jossstick.DBManager -> com.luckywc.jossstick.h:
    android.content.Context mContext -> b
    int Buffer_Size -> c
    java.lang.String DBName -> d
    java.lang.String Data_Path -> e
    android.database.sqlite.SQLiteDatabase DataBase -> a
    void OpenStickDb() -> a
    void CloseStickDB() -> b
    java.util.ArrayList GetJieMengResult(java.lang.String) -> a
    java.util.ArrayList GetJieMengKeywords() -> c
    com.luckywc.jossstick.StickResult GetStickResult(int) -> a
    com.luckywc.jossstick.WordAnalysisResult GetAnalysisResult(java.lang.String,java.lang.String,java.lang.String) -> a
    android.database.sqlite.SQLiteDatabase OpenDataBase(java.lang.String) -> b
...
com.kyview.a.c -> com.kyview.a.c:
    java.lang.String appId -> appId
    java.lang.String v -> v
    int l -> l
    int textColor -> textColor
    boolean h -> h
    com.kyview.a.b applyAdBean -> applyAdBean
    java.lang.String w -> w
    java.lang.String x -> x
    java.lang.String y -> y
    com.kyview.a.g retAdBean -> retAdBean
    java.lang.String z -> z
    java.lang.String A -> A
    java.lang.String B -> B
    android.graphics.Bitmap bitmap -> bitmap
    android.widget.ImageView d -> d
    android.widget.TextView a -> a
    android.widget.TextView b -> b
    int screenWidth -> screenWidth
    int screenHeight -> screenHeight
    java.lang.Thread a -> a
    com.kyview.a.c$b a -> a
    java.lang.Thread b -> b
    com.kyview.c.i mGifFrame -> mGifFrame
    java.lang.Thread mGifThread -> mGifThread
    java.lang.String keyDev -> keyDev
    android.content.Intent b -> b
    android.os.Handler handler -> handler
    android.view.View$OnClickListener a -> a
    com.kyview.a.c$d a -> a
    void onDetachedFromWindow() -> onDetachedFromWindow
    void onLayout(boolean,int,int,int,int) -> onLayout
    void i(int) -> i
    void b(android.content.Context) -> b
    java.lang.String a(int,int,int) -> a
    void a(java.lang.String,android.content.Context) -> a
    java.lang.String e(android.content.Context) -> e
    void onMeasure(int,int) -> onMeasure
    void setAdListener(com.kyview.a.c$d) -> setAdListener
    com.kyview.a.g a(com.kyview.a.c) -> a
com.kyview.a.c$a -> com.kyview.a.c$a:
    java.lang.String D -> D
    com.kyview.a.c a -> a
    void run() -> run
    java.lang.String q() -> q
    byte[] a(java.io.InputStream) -> a
    android.graphics.Bitmap a(java.io.InputStream) -> a
    com.kyview.a.g a(java.lang.String) -> a
    java.lang.String a(org.w3c.dom.Element,java.lang.String) -> a
    java.lang.String getResponse(java.lang.String,java.lang.String) -> getResponse
com.kyview.a.c$b -> com.kyview.a.c$b:
    java.lang.String url -> url
    java.lang.String content -> content
    void run() -> run
com.kyview.a.c$c -> com.kyview.a.c$c:
    com.kyview.a.c a -> a
    void run() -> run
com.kyview.a.c$d -> com.kyview.a.c$d:
    void onReceivedAd(com.kyview.a.c) -> onReceivedAd
    void onConnectFailed(com.kyview.a.c) -> onConnectFailed
com.kyview.a.d -> com.kyview.a.d:
    com.kyview.a.c a -> a
    void handleMessage(android.os.Message) -> handleMessage
com.kyview.a.e -> com.kyview.a.e:
    com.kyview.a.c a -> a
    void onClick(android.view.View) -> onClick
com.kyview.a.f -> com.kyview.a.f:
    com.kyview.a.c a -> a
    android.content.Context a -> a
    java.lang.String C -> C
    void onClick(android.content.DialogInterface,int) -> onClick
com.kyview.a.g -> com.kyview.a.g:
    java.lang.String f -> f
    int m -> m
    java.lang.String E -> E
    java.lang.String F -> F
    java.lang.String d -> d
    int n -> n
    java.lang.String G -> G
    java.lang.String r() -> r
    void q(java.lang.String) -> q
    java.lang.String a() -> a
    void b(java.lang.String) -> b
    int i() -> i
    void j(int) -> j
    java.lang.String s() -> s
    void r(java.lang.String) -> r
    java.lang.String t() -> t
    void s(java.lang.String) -> s
    java.lang.String c() -> c
    void d(java.lang.String) -> d
    int j() -> j
    void setResult(int) -> setResult