JossStick/proguard/usage.txt
com.luckywc.jossstick.BuildConfig
com.luckywc.jossstick.R
com.luckywc.jossstick.R$anim
com.luckywc.jossstick.R$array
com.luckywc.jossstick.R$attr
com.luckywc.jossstick.R$dimen
com.luckywc.jossstick.R$drawable
com.luckywc.jossstick.R$id
com.luckywc.jossstick.R$layout
com.luckywc.jossstick.R$menu
com.luckywc.jossstick.R$raw
com.luckywc.jossstick.R$string
com.luckywc.jossstick.R$style
com.luckywc.jossstick.ShowLotDetail:
    private android.widget.ImageView mLogImage
    private android.widget.TextView lotTitle
    private android.widget.TextView lotDesc
com.luckywc.jossstick.Utility
com.luckywc.jossstick.WordAnalysisActivity:
    private static final java.lang.String ILLEGAL_STRING